#
# There is insufficient memory for the Java Runtime Environment to continue.
# Native memory allocation (malloc) failed to allocate 1060576 bytes for Chunk::new
# Possible reasons:
#   The system is out of physical RAM or swap space
#   In 32 bit mode, the process size limit was hit
# Possible solutions:
#   Reduce memory load on the system
#   Increase physical memory or swap space
#   Check if swap backing store is full
#   Use 64 bit Java on a 64 bit OS
#   Decrease Java heap size (-Xmx/-Xms)
#   Decrease number of Java threads
#   Decrease Java thread stack sizes (-Xss)
#   Set larger code cache with -XX:ReservedCodeCacheSize=
# This output file may be truncated or incomplete.
#
#  Out of Memory Error (allocation.cpp:390), pid=7868, tid=5844
#
# JRE version: Java(TM) SE Runtime Environment (8.0_25-b18) (build 1.8.0_25-b18)
# Java VM: Java HotSpot(TM) 64-Bit Server VM (25.25-b02 mixed mode windows-amd64 compressed oops)
# Failed to write core dump. Minidumps are not enabled by default on client versions of Windows
#

---------------  T H R E A D  ---------------

Current thread (0x0000000014f6d000):  JavaThread "C2 CompilerThread0" daemon [_thread_in_native, id=5844, stack(0x00000000164d0000,0x00000000165d0000)]

Stack: [0x00000000164d0000,0x00000000165d0000]
Native frames: (J=compiled Java code, j=interpreted, Vv=VM code, C=native code)
V  [jvm.dll+0x31667a]


Current CompileTask:
C2:  47852 2042   !   4       com.android.dx.cf.code.Ropper::doit (126 bytes)


---------------  P R O C E S S  ---------------

Java Threads: ( => current thread )
  0x0000000014fcb800 JavaThread "Service Thread" daemon [_thread_blocked, id=4244, stack(0x00000000167d0000,0x00000000168d0000)]
  0x0000000014fc1000 JavaThread "C1 CompilerThread2" daemon [_thread_blocked, id=6216, stack(0x00000000166d0000,0x00000000167d0000)]
  0x0000000014fbe000 JavaThread "C2 CompilerThread1" daemon [_thread_in_native, id=1992, stack(0x00000000165d0000,0x00000000166d0000)]
=>0x0000000014f6d000 JavaThread "C2 CompilerThread0" daemon [_thread_in_native, id=5844, stack(0x00000000164d0000,0x00000000165d0000)]
  0x0000000014f6b000 JavaThread "Attach Listener" daemon [_thread_blocked, id=9608, stack(0x00000000163d0000,0x00000000164d0000)]
  0x0000000014f6a000 JavaThread "Signal Dispatcher" daemon [_thread_blocked, id=5816, stack(0x00000000162d0000,0x00000000163d0000)]
  0x00000000027d5800 JavaThread "Finalizer" daemon [_thread_blocked, id=8472, stack(0x00000000161d0000,0x00000000162d0000)]
  0x00000000027cd000 JavaThread "Reference Handler" daemon [_thread_blocked, id=5608, stack(0x00000000160d0000,0x00000000161d0000)]
  0x00000000026e2800 JavaThread "main" [_thread_blocked, id=6356, stack(0x00000000025d0000,0x00000000026d0000)]

Other Threads:
  0x0000000014f36000 VMThread [stack: 0x0000000015fd0000,0x00000000160d0000] [id=8728]
  0x0000000014fce800 WatcherThread [stack: 0x00000000168d0000,0x00000000169d0000] [id=5216]

VM state:at safepoint (normal execution)

VM Mutex/Monitor currently owned by a thread:  ([mutex/lock_event])
[0x000000000289c0d0] Threads_lock - owner thread: 0x0000000014f36000
[0x000000000289c6d0] Heap_lock - owner thread: 0x00000000026e2800

Heap:
 PSYoungGen      total 68096K, used 33662K [0x00000000eab00000, 0x00000000f4500000, 0x0000000100000000)
  eden space 65536K, 51% used [0x00000000eab00000,0x00000000ecbdfb40,0x00000000eeb00000)
  from space 2560K, 0% used [0x00000000eeb00000,0x00000000eeb00000,0x00000000eed80000)
  to   space 13312K, 0% used [0x00000000f3800000,0x00000000f3800000,0x00000000f4500000)
 ParOldGen       total 47104K, used 46985K [0x00000000c0000000, 0x00000000c2e00000, 0x00000000eab00000)
  object space 47104K, 99% used [0x00000000c0000000,0x00000000c2de2760,0x00000000c2e00000)
 Metaspace       used 6493K, capacity 7536K, committed 7808K, reserved 1058816K
  class space    used 596K, capacity 616K, committed 640K, reserved 1048576K

Card table byte_map: [0x0000000011c60000,0x0000000011e70000] byte_map_base: 0x0000000011660000

Marking Bits: (ParMarkBitMap*) 0x000000007543d490
 Begin Bits: [0x00000000123d0000, 0x00000000133d0000)
 End Bits:   [0x00000000133d0000, 0x00000000143d0000)

Polling page: 0x0000000000e20000

CodeCache: size=245760Kb used=9523Kb max_used=9523Kb free=236236Kb
 bounds [0x00000000028a0000, 0x0000000003230000, 0x00000000118a0000]
 total_blobs=2449 nmethods=2188 adapters=175
 compilation: enabled

Compilation events (10 events):
Event: 40.800 Thread 0x0000000014fc1000 2043       3       com.android.dx.dex.file.AnnotationsDirectoryItem::addMethodAnnotations (44 bytes)
Event: 40.801 Thread 0x0000000014fc1000 nmethod 2043 0x0000000002b03d50 code [0x0000000002b03f40, 0x0000000002b04848]
Event: 40.811 Thread 0x0000000014fc1000 2046       3       java.util.BitSet::trimToSize (32 bytes)
Event: 40.811 Thread 0x0000000014fc1000 nmethod 2046 0x0000000002b3edd0 code [0x0000000002b3ef60, 0x0000000002b3f398]
Event: 40.896 Thread 0x0000000014fc1000 2048       3       com.android.dx.rop.cst.CstLiteral32::getLongBits (6 bytes)
Event: 40.896 Thread 0x0000000014fc1000 nmethod 2048 0x0000000002cd7e50 code [0x0000000002cd7fa0, 0x0000000002cd80f0]
Event: 40.914 Thread 0x0000000014fc1000 2049   !   3       com.android.dx.cf.direct.DirectClassFile$DcfTypeList::<init> (137 bytes)
Event: 40.918 Thread 0x0000000014fc1000 nmethod 2049 0x0000000002ba3710 code [0x0000000002ba3ae0, 0x0000000002ba5d18]
Event: 40.958 Thread 0x0000000014fc1000 2051       3       com.android.dx.rop.type.Type::<init> (8 bytes)
Event: 40.958 Thread 0x0000000014fc1000 nmethod 2051 0x0000000002a52590 code [0x0000000002a52700, 0x0000000002a52888]

GC Heap History (10 events):
Event: 16.339 GC heap before
{Heap before GC invocations=1 (full 0):
 PSYoungGen      total 18944K, used 16384K [0x00000000eab00000, 0x00000000ec000000, 0x0000000100000000)
  eden space 16384K, 100% used [0x00000000eab00000,0x00000000ebb00000,0x00000000ebb00000)
  from space 2560K, 0% used [0x00000000ebd80000,0x00000000ebd80000,0x00000000ec000000)
  to   space 2560K, 0% used [0x00000000ebb00000,0x00000000ebb00000,0x00000000ebd80000)
 ParOldGen       total 44032K, used 0K [0x00000000c0000000, 0x00000000c2b00000, 0x00000000eab00000)
  object space 44032K, 0% used [0x00000000c0000000,0x00000000c0000000,0x00000000c2b00000)
 Metaspace       used 5630K, capacity 6832K, committed 7040K, reserved 1056768K
  class space    used 549K, capacity 616K, committed 640K, reserved 1048576K
Event: 16.750 GC heap after
Heap after GC invocations=1 (full 0):
 PSYoungGen      total 18944K, used 2551K [0x00000000eab00000, 0x00000000ed000000, 0x0000000100000000)
  eden space 16384K, 0% used [0x00000000eab00000,0x00000000eab00000,0x00000000ebb00000)
  from space 2560K, 99% used [0x00000000ebb00000,0x00000000ebd7dc78,0x00000000ebd80000)
  to   space 2560K, 0% used [0x00000000ecd80000,0x00000000ecd80000,0x00000000ed000000)
 ParOldGen       total 44032K, used 1700K [0x00000000c0000000, 0x00000000c2b00000, 0x00000000eab00000)
  object space 44032K, 3% used [0x00000000c0000000,0x00000000c01a9358,0x00000000c2b00000)
 Metaspace       used 5630K, capacity 6832K, committed 7040K, reserved 1056768K
  class space    used 549K, capacity 616K, committed 640K, reserved 1048576K
}
Event: 22.802 GC heap before
{Heap before GC invocations=2 (full 0):
 PSYoungGen      total 18944K, used 18935K [0x00000000eab00000, 0x00000000ed000000, 0x0000000100000000)
  eden space 16384K, 100% used [0x00000000eab00000,0x00000000ebb00000,0x00000000ebb00000)
  from space 2560K, 99% used [0x00000000ebb00000,0x00000000ebd7dc78,0x00000000ebd80000)
  to   space 2560K, 0% used [0x00000000ecd80000,0x00000000ecd80000,0x00000000ed000000)
 ParOldGen       total 44032K, used 1700K [0x00000000c0000000, 0x00000000c2b00000, 0x00000000eab00000)
  object space 44032K, 3% used [0x00000000c0000000,0x00000000c01a9358,0x00000000c2b00000)
 Metaspace       used 5760K, capacity 6960K, committed 7040K, reserved 1056768K
  class space    used 552K, capacity 616K, committed 640K, reserved 1048576K
Event: 22.886 GC heap after
Heap after GC invocations=2 (full 0):
 PSYoungGen      total 35328K, used 2528K [0x00000000eab00000, 0x00000000ed000000, 0x0000000100000000)
  eden space 32768K, 0% used [0x00000000eab00000,0x00000000eab00000,0x00000000ecb00000)
  from space 2560K, 98% used [0x00000000ecd80000,0x00000000ecff8010,0x00000000ed000000)
  to   space 2560K, 0% used [0x00000000ecb00000,0x00000000ecb00000,0x00000000ecd80000)
 ParOldGen       total 44032K, used 4178K [0x00000000c0000000, 0x00000000c2b00000, 0x00000000eab00000)
  object space 44032K, 9% used [0x00000000c0000000,0x00000000c0414b28,0x00000000c2b00000)
 Metaspace       used 5760K, capacity 6960K, committed 7040K, reserved 1056768K
  class space    used 552K, capacity 616K, committed 640K, reserved 1048576K
}
Event: 32.296 GC heap before
{Heap before GC invocations=3 (full 0):
 PSYoungGen      total 35328K, used 35296K [0x00000000eab00000, 0x00000000ed000000, 0x0000000100000000)
  eden space 32768K, 100% used [0x00000000eab00000,0x00000000ecb00000,0x00000000ecb00000)
  from space 2560K, 98% used [0x00000000ecd80000,0x00000000ecff8010,0x00000000ed000000)
  to   space 2560K, 0% used [0x00000000ecb00000,0x00000000ecb00000,0x00000000ecd80000)
 ParOldGen       total 44032K, used 4178K [0x00000000c0000000, 0x00000000c2b00000, 0x00000000eab00000)
  object space 44032K, 9% used [0x00000000c0000000,0x00000000c0414b28,0x00000000c2b00000)
 Metaspace       used 5887K, capacity 7088K, committed 7296K, reserved 1056768K
  class space    used 555K, capacity 616K, committed 640K, reserved 1048576K
Event: 32.589 GC heap after
Heap after GC invocations=3 (full 0):
 PSYoungGen      total 35328K, used 2530K [0x00000000eab00000, 0x00000000ef000000, 0x0000000100000000)
  eden space 32768K, 0% used [0x00000000eab00000,0x00000000eab00000,0x00000000ecb00000)
  from space 2560K, 98% used [0x00000000ecb00000,0x00000000ecd78a90,0x00000000ecd80000)
  to   space 2560K, 0% used [0x00000000eed80000,0x00000000eed80000,0x00000000ef000000)
 ParOldGen       total 44032K, used 9502K [0x00000000c0000000, 0x00000000c2b00000, 0x00000000eab00000)
  object space 44032K, 21% used [0x00000000c0000000,0x00000000c0947b48,0x00000000c2b00000)
 Metaspace       used 5887K, capacity 7088K, committed 7296K, reserved 1056768K
  class space    used 555K, capacity 616K, committed 640K, reserved 1048576K
}
Event: 35.785 GC heap before
{Heap before GC invocations=4 (full 0):
 PSYoungGen      total 35328K, used 35298K [0x00000000eab00000, 0x00000000ef000000, 0x0000000100000000)
  eden space 32768K, 100% used [0x00000000eab00000,0x00000000ecb00000,0x00000000ecb00000)
  from space 2560K, 98% used [0x00000000ecb00000,0x00000000ecd78a90,0x00000000ecd80000)
  to   space 2560K, 0% used [0x00000000eed80000,0x00000000eed80000,0x00000000ef000000)
 ParOldGen       total 44032K, used 9502K [0x00000000c0000000, 0x00000000c2b00000, 0x00000000eab00000)
  object space 44032K, 21% used [0x00000000c0000000,0x00000000c0947b48,0x00000000c2b00000)
 Metaspace       used 5897K, capacity 7088K, committed 7296K, reserved 1056768K
  class space    used 555K, capacity 616K, committed 640K, reserved 1048576K
Event: 35.844 GC heap after
Heap after GC invocations=4 (full 0):
 PSYoungGen      total 68096K, used 2533K [0x00000000eab00000, 0x00000000ef000000, 0x0000000100000000)
  eden space 65536K, 0% used [0x00000000eab00000,0x00000000eab00000,0x00000000eeb00000)
  from space 2560K, 98% used [0x00000000eed80000,0x00000000eeff9498,0x00000000ef000000)
  to   space 2560K, 0% used [0x00000000eeb00000,0x00000000eeb00000,0x00000000eed80000)
 ParOldGen       total 44032K, used 13892K [0x00000000c0000000, 0x00000000c2b00000, 0x00000000eab00000)
  object space 44032K, 31% used [0x00000000c0000000,0x00000000c0d910c8,0x00000000c2b00000)
 Metaspace       used 5897K, capacity 7088K, committed 7296K, reserved 1056768K
  class space    used 555K, capacity 616K, committed 640K, reserved 1048576K
}
Event: 39.333 GC heap before
{Heap before GC invocations=5 (full 0):
 PSYoungGen      total 68096K, used 68069K [0x00000000eab00000, 0x00000000ef000000, 0x0000000100000000)
  eden space 65536K, 100% used [0x00000000eab00000,0x00000000eeb00000,0x00000000eeb00000)
  from space 2560K, 98% used [0x00000000eed80000,0x00000000eeff9498,0x00000000ef000000)
  to   space 2560K, 0% used [0x00000000eeb00000,0x00000000eeb00000,0x00000000eed80000)
 ParOldGen       total 44032K, used 13892K [0x00000000c0000000, 0x00000000c2b00000, 0x00000000eab00000)
  object space 44032K, 31% used [0x00000000c0000000,0x00000000c0d910c8,0x00000000c2b00000)
 Metaspace       used 5977K, capacity 7152K, committed 7296K, reserved 1056768K
  class space    used 557K, capacity 616K, committed 640K, reserved 1048576K
Event: 39.594 GC heap after
Heap after GC invocations=5 (full 0):
 PSYoungGen      total 68096K, used 2553K [0x00000000eab00000, 0x00000000f4500000, 0x0000000100000000)
  eden space 65536K, 0% used [0x00000000eab00000,0x00000000eab00000,0x00000000eeb00000)
  from space 2560K, 99% used [0x00000000eeb00000,0x00000000eed7e7a0,0x00000000eed80000)
  to   space 13312K, 0% used [0x00000000f3800000,0x00000000f3800000,0x00000000f4500000)
 ParOldGen       total 44032K, used 24881K [0x00000000c0000000, 0x00000000c2b00000, 0x00000000eab00000)
  object space 44032K, 56% used [0x00000000c0000000,0x00000000c184c418,0x00000000c2b00000)
 Metaspace       used 5977K, capacity 7152K, committed 7296K, reserved 1056768K
  class space    used 557K, capacity 616K, committed 640K, reserved 1048576K
}

Deoptimization events (10 events):
Event: 39.331 Thread 0x00000000026e2800 Uncommon trap: reason=class_check action=maybe_recompile pc=0x000000000311ec80 method=com.android.dx.ssa.back.FirstFitLocalCombiningAllocator.findNextUnreservedRopReg(IILcom/android/dx/ssa/back/FirstFitLocalCombiningAllocator$Alignment;)I @ 60
Event: 39.332 Thread 0x00000000026e2800 Uncommon trap: reason=class_check action=maybe_recompile pc=0x000000000311ec80 method=com.android.dx.ssa.back.FirstFitLocalCombiningAllocator.findNextUnreservedRopReg(IILcom/android/dx/ssa/back/FirstFitLocalCombiningAllocator$Alignment;)I @ 60
Event: 39.750 Thread 0x00000000026e2800 Uncommon trap: reason=bimorphic action=maybe_recompile pc=0x0000000002e36978 method=com.android.dx.ssa.LiteralOpUpgrader.tryReplacingWithConstant(Lcom/android/dx/ssa/NormalSsaInsn;)Z @ 62
Event: 39.844 Thread 0x00000000026e2800 Uncommon trap: reason=class_check action=maybe_recompile pc=0x0000000002aaa05c method=com.android.dx.cf.code.OneLocalsArray.set(ILcom/android/dx/rop/type/TypeBearer;)V @ 85
Event: 39.845 Thread 0x00000000026e2800 Uncommon trap: reason=class_check action=maybe_recompile pc=0x0000000002aaa05c method=com.android.dx.cf.code.OneLocalsArray.set(ILcom/android/dx/rop/type/TypeBearer;)V @ 85
Event: 39.848 Thread 0x00000000026e2800 Uncommon trap: reason=class_check action=maybe_recompile pc=0x0000000002aaa05c method=com.android.dx.cf.code.OneLocalsArray.set(ILcom/android/dx/rop/type/TypeBearer;)V @ 85
Event: 39.848 Thread 0x00000000026e2800 Uncommon trap: reason=class_check action=maybe_recompile pc=0x0000000002aaa05c method=com.android.dx.cf.code.OneLocalsArray.set(ILcom/android/dx/rop/type/TypeBearer;)V @ 85
Event: 40.329 Thread 0x00000000026e2800 Uncommon trap: reason=unreached action=reinterpret pc=0x0000000002e24f0c method=com.android.dx.ssa.MoveParamCombiner$1.visitNonMoveInsn(Lcom/android/dx/ssa/NormalSsaInsn;)V @ 27
Event: 40.798 Thread 0x00000000026e2800 Uncommon trap: reason=class_check action=maybe_recompile pc=0x0000000002f96ce0 method=com.android.dx.cf.code.BytecodeArray.parseInstruction(ILcom/android/dx/cf/code/BytecodeArray$Visitor;)I @ 2151
Event: 40.798 Thread 0x00000000026e2800 Uncommon trap: reason=class_check action=maybe_recompile pc=0x0000000002f96ce0 method=com.android.dx.cf.code.BytecodeArray.parseInstruction(ILcom/android/dx/cf/code/BytecodeArray$Visitor;)I @ 2151

Internal exceptions (10 events):
Event: 29.354 Thread 0x00000000026e2800 Exception <a 'java/security/PrivilegedActionException'> (0x00000000ebd96ab0) thrown at [D:\re\workspace\8-2-build-windows-amd64-cygwin\jdk8u25\1677\hotspot\src\share\vm\prims\jvm.cpp, line 1312]
Event: 30.737 Thread 0x00000000026e2800 Exception <a 'java/security/PrivilegedActionException'> (0x00000000ec56c668) thrown at [D:\re\workspace\8-2-build-windows-amd64-cygwin\jdk8u25\1677\hotspot\src\share\vm\prims\jvm.cpp, line 1312]
Event: 33.039 Thread 0x00000000026e2800 Implicit null exception at 0x0000000002dec6a2 to 0x0000000002dec792
Event: 37.021 Thread 0x00000000026e2800 Exception <a 'java/security/PrivilegedActionException'> (0x00000000ec247998) thrown at [D:\re\workspace\8-2-build-windows-amd64-cygwin\jdk8u25\1677\hotspot\src\share\vm\prims\jvm.cpp, line 1312]
Event: 37.237 Thread 0x00000000026e2800 Exception <a 'java/security/PrivilegedActionException'> (0x00000000ec2649c0) thrown at [D:\re\workspace\8-2-build-windows-amd64-cygwin\jdk8u25\1677\hotspot\src\share\vm\prims\jvm.cpp, line 1312]
Event: 37.257 Thread 0x00000000026e2800 Exception <a 'java/security/PrivilegedActionException'> (0x00000000ec2e22d8) thrown at [D:\re\workspace\8-2-build-windows-amd64-cygwin\jdk8u25\1677\hotspot\src\share\vm\prims\jvm.cpp, line 1312]
Event: 37.270 Thread 0x00000000026e2800 Implicit null exception at 0x0000000002e4fcd3 to 0x0000000002e50da5
Event: 37.567 Thread 0x00000000026e2800 Implicit null exception at 0x00000000031bbdd6 to 0x00000000031bd6d5
Event: 38.317 Thread 0x00000000026e2800 Implicit null exception at 0x0000000002e53fc7 to 0x0000000002e551d1
Event: 38.706 Thread 0x00000000026e2800 Exception <a 'java/security/PrivilegedActionException'> (0x00000000ee0308f8) thrown at [D:\re\workspace\8-2-build-windows-amd64-cygwin\jdk8u25\1677\hotspot\src\share\vm\prims\jvm.cpp, line 1312]

Events (10 events):
Event: 39.848 Thread 0x00000000026e2800 DEOPT UNPACKING pc=0x00000000028e556a sp=0x00000000026ce1d8 mode 2
Event: 40.329 Thread 0x00000000026e2800 Uncommon trap: trap_request=0xffffffad fr.pc=0x0000000002e24f0c
Event: 40.329 Thread 0x00000000026e2800 DEOPT PACKING pc=0x0000000002e24f0c sp=0x00000000026ce510
Event: 40.329 Thread 0x00000000026e2800 DEOPT UNPACKING pc=0x00000000028e556a sp=0x00000000026ce468 mode 2
Event: 40.798 Thread 0x00000000026e2800 Uncommon trap: trap_request=0xffffffde fr.pc=0x0000000002f96ce0
Event: 40.798 Thread 0x00000000026e2800 DEOPT PACKING pc=0x0000000002f96ce0 sp=0x00000000026ce5c0
Event: 40.798 Thread 0x00000000026e2800 DEOPT UNPACKING pc=0x00000000028e556a sp=0x00000000026ce558 mode 2
Event: 40.798 Thread 0x00000000026e2800 Uncommon trap: trap_request=0xffffffde fr.pc=0x0000000002f96ce0
Event: 40.798 Thread 0x00000000026e2800 DEOPT PACKING pc=0x0000000002f96ce0 sp=0x00000000026ce5c0
Event: 40.798 Thread 0x00000000026e2800 DEOPT UNPACKING pc=0x00000000028e556a sp=0x00000000026ce558 mode 2


Dynamic libraries:
0x00007ff659810000 - 0x00007ff659844000 	C:\Program Files\Java\jdk1.8.0_25\bin\java.exe
0x00007ffb1a4d0000 - 0x00007ffb1a67c000 	C:\WINDOWS\SYSTEM32\ntdll.dll
0x00007ffb17cb0000 - 0x00007ffb17dee000 	C:\WINDOWS\system32\KERNEL32.DLL
0x00007ffb179d0000 - 0x00007ffb17ae5000 	C:\WINDOWS\system32\KERNELBASE.dll
0x00007ffb161c0000 - 0x00007ffb1624e000 	C:\WINDOWS\system32\apphelp.dll
0x00007ffb005b0000 - 0x00007ffb00603000 	C:\WINDOWS\AppPatch\AppPatch64\AcGenral.DLL
0x00007ffb1a2f0000 - 0x00007ffb1a39a000 	C:\WINDOWS\system32\msvcrt.dll
0x00007ffb173f0000 - 0x00007ffb1741e000 	C:\WINDOWS\SYSTEM32\SspiCli.dll
0x00007ffb1a3a0000 - 0x00007ffb1a3f4000 	C:\WINDOWS\system32\SHLWAPI.dll
0x00007ffb19ef0000 - 0x00007ffb1a067000 	C:\WINDOWS\system32\USER32.dll
0x00007ffb19b00000 - 0x00007ffb19c94000 	C:\WINDOWS\system32\ole32.dll
0x00007ffb185e0000 - 0x00007ffb19af9000 	C:\WINDOWS\system32\SHELL32.dll
0x00007ffb16bc0000 - 0x00007ffb16be1000 	C:\WINDOWS\SYSTEM32\USERENV.dll
0x00007ffb17e50000 - 0x00007ffb17efa000 	C:\WINDOWS\system32\ADVAPI32.dll
0x00007ffb07220000 - 0x00007ffb0723e000 	C:\WINDOWS\SYSTEM32\MPR.dll
0x00007ffb1a1a0000 - 0x00007ffb1a2e1000 	C:\WINDOWS\system32\RPCRT4.dll
0x00007ffb18260000 - 0x00007ffb182b9000 	C:\WINDOWS\SYSTEM32\sechost.dll
0x00007ffb19cc0000 - 0x00007ffb19ed1000 	C:\WINDOWS\SYSTEM32\combase.dll
0x00007ffb17b50000 - 0x00007ffb17ca1000 	C:\WINDOWS\system32\GDI32.dll
0x00007ffb17620000 - 0x00007ffb17635000 	C:\WINDOWS\SYSTEM32\profapi.dll
0x00007ffb15240000 - 0x00007ffb152f2000 	C:\WINDOWS\SYSTEM32\SHCORE.dll
0x00007ffb1a0e0000 - 0x00007ffb1a116000 	C:\WINDOWS\system32\IMM32.DLL
0x00007ffb182c0000 - 0x00007ffb18413000 	C:\WINDOWS\system32\MSCTF.dll
0x00007ffb13210000 - 0x00007ffb1348b000 	C:\WINDOWS\WinSxS\amd64_microsoft.windows.common-controls_6595b64144ccf1df_6.0.9600.17415_none_6240486fecbd8abb\COMCTL32.dll
0x00000000747a0000 - 0x0000000074872000 	C:\Program Files\Java\jdk1.8.0_25\jre\bin\msvcr100.dll
0x0000000074c60000 - 0x00000000754ba000 	C:\Program Files\Java\jdk1.8.0_25\jre\bin\server\jvm.dll
0x00007ffaf75f0000 - 0x00007ffaf75f9000 	C:\WINDOWS\SYSTEM32\WSOCK32.dll
0x00007ffb11970000 - 0x00007ffb11992000 	C:\WINDOWS\SYSTEM32\WINMM.dll
0x00007ffb1a190000 - 0x00007ffb1a197000 	C:\WINDOWS\system32\PSAPI.DLL
0x00007ffb1a080000 - 0x00007ffb1a0da000 	C:\WINDOWS\system32\WS2_32.dll
0x00007ffb11940000 - 0x00007ffb1196a000 	C:\WINDOWS\SYSTEM32\WINMMBASE.dll
0x00007ffb1a070000 - 0x00007ffb1a079000 	C:\WINDOWS\system32\NSI.dll
0x00007ffb177a0000 - 0x00007ffb177ef000 	C:\WINDOWS\SYSTEM32\cfgmgr32.dll
0x00007ffb16430000 - 0x00007ffb16458000 	C:\WINDOWS\SYSTEM32\DEVOBJ.dll
0x0000000074c50000 - 0x0000000074c5f000 	C:\Program Files\Java\jdk1.8.0_25\jre\bin\verify.dll
0x0000000074c20000 - 0x0000000074c48000 	C:\Program Files\Java\jdk1.8.0_25\jre\bin\java.dll
0x0000000074c00000 - 0x0000000074c16000 	C:\Program Files\Java\jdk1.8.0_25\jre\bin\zip.dll
0x00007ffaf5970000 - 0x00007ffaf5afa000 	C:\WINDOWS\SYSTEM32\dbghelp.dll

VM Arguments:
jvm_args: -Xmx1024M -Dfile.encoding=windows-1252 -Duser.country=IN -Duser.language=en -Duser.variant 
java_command: com.android.dx.command.Main --dex --output F:\AndroidStudioProject\HeyWeather\app\build\intermediates\pre-dexed\debug\classes-107ea3c035ef872c6a494447208908123ca59285.jar F:\AndroidStudioProject\HeyWeather\app\build\intermediates\exploded-aar\com.android.support\support-v4\22.2.0\jars\classes.jar
java_class_path (initial): C:\Users\Ajinkya\AppData\Local\Android\sdk\build-tools\22.0.1\lib\dx.jar
Launcher Type: SUN_STANDARD

Environment Variables:
JAVA_HOME=C:\Program Files\Java\jdk1.8.0_25
PATH=C:\ProgramData\Oracle\Java\javapath;c:\Program Files (x86)\AMD APP\bin\x86_64;c:\Program Files (x86)\AMD APP\bin\x86;c:\Program Files (x86)\Intel\iCLS Client\;c:\Program Files\Intel\iCLS Client\;C:\WINDOWS\system32;C:\WINDOWS;C:\WINDOWS\System32\Wbem;C:\WINDOWS\System32\WindowsPowerShell\v1.0\;C:\Program Files\Intel\Intel(R) Management Engine Components\DAL;C:\Program Files\Intel\Intel(R) Management Engine Components\IPT;C:\Program Files (x86)\Intel\Intel(R) Management Engine Components\DAL;C:\Program Files (x86)\Intel\Intel(R) Management Engine Components\IPT;c:\Program Files (x86)\ATI Technologies\ATI.ACE\Core-Static;C:\Program Files (x86)\Windows Live\Shared;C:\Program Files (x86)\Common Files\Teleca Shared;C:\Program Files (x86)\Windows Kits\8.1\Windows Performance Toolkit\;C:\Program Files\Microsoft SQL Server\110\Tools\Binn\;C:\Program Files (x86)\Microsoft SDKs\TypeScript\1.0\;C:\Program Files\Microsoft SQL Server\120\Tools\Binn\
USERNAME=Ajinkya
OS=Windows_NT
PROCESSOR_IDENTIFIER=Intel64 Family 6 Model 58 Stepping 9, GenuineIntel



---------------  S Y S T E M  ---------------

OS: Windows 8.1 , 64 bit Build 9600 

CPU:total 4 (2 cores per cpu, 2 threads per core) family 6 model 58 stepping 9, cmov, cx8, fxsr, mmx, sse, sse2, sse3, ssse3, sse4.1, sse4.2, popcnt, avx, clmul, erms, ht, tsc, tscinvbit, tscinv

Memory: 4k page, physical 4072728k(71028k free), swap 7218456k(4588k free)

vm_info: Java HotSpot(TM) 64-Bit Server VM (25.25-b02) for windows-amd64 JRE (1.8.0_25-b18), built on Oct  7 2014 14:25:37 by "java_re" with MS VC++ 10.0 (VS2010)

time: Fri Jul 03 00:42:05 2015
elapsed time: 47 seconds (0d 0h 0m 47s)

